Copyright 1986-2019 Xilinx, Inc. All Rights Reserved.
--------------------------------------------------------------------------------------------
| Tool Version : Vivado v.2019.1.3 (win64) Build 2644227 Wed Sep  4 09:45:24 MDT 2019
| Date         : Wed Nov 18 10:14:56 2020
| Host         : PHATLE0CD2 running 64-bit major release  (build 9200)
| Command      : report_control_sets -verbose -file dot_product_top_control_sets_placed.rpt
| Design       : dot_product_top
| Device       : xc7a35t
--------------------------------------------------------------------------------------------

Control Set Information

Table of Contents
-----------------
1. Summary
2. Histogram
3. Flip-Flop Distribution
4. Detailed Control Set Information

1. Summary
----------

+----------------------------------------------------------+-------+
|                          Status                          | Count |
+----------------------------------------------------------+-------+
| Total control sets                                       |     3 |
|    Minimum number of control sets                        |     3 |
|    Addition due to synthesis replication                 |     0 |
|    Addition due to physical synthesis replication        |     0 |
| Unused register locations in slices containing registers |     7 |
+----------------------------------------------------------+-------+
* Control sets can be merged at opt_design using control_set_merge or merge_equivalent_drivers
** Run report_qor_suggestions for automated merging and remapping suggestions


2. Histogram
------------

+--------------------+-------+
|       Fanout       | Count |
+--------------------+-------+
| Total control sets |     3 |
| >= 0 to < 4        |     0 |
| >= 4 to < 6        |     0 |
| >= 6 to < 8        |     1 |
| >= 8 to < 10       |     0 |
| >= 10 to < 12      |     0 |
| >= 12 to < 14      |     0 |
| >= 14 to < 16      |     0 |
| >= 16              |     2 |
+--------------------+-------+
* Control sets can be remapped at either synth_design or opt_design


3. Flip-Flop Distribution
-------------------------

+--------------+-----------------------+------------------------+-----------------+--------------+
| Clock Enable | Synchronous Set/Reset | Asynchronous Set/Reset | Total Registers | Total Slices |
+--------------+-----------------------+------------------------+-----------------+--------------+
| No           | No                    | No                     |               0 |            0 |
| No           | No                    | Yes                    |               7 |            3 |
| No           | Yes                   | No                     |               0 |            0 |
| Yes          | No                    | No                     |               0 |            0 |
| Yes          | No                    | Yes                    |             194 |           76 |
| Yes          | Yes                   | No                     |               0 |            0 |
+--------------+-----------------------+------------------------+-----------------+--------------+


4. Detailed Control Set Information
-----------------------------------

+----------------+---------------------------+------------------+------------------+----------------+
|  Clock Signal  |       Enable Signal       | Set/Reset Signal | Slice Load Count | Bel Load Count |
+----------------+---------------------------+------------------+------------------+----------------+
|  clk_IBUF_BUFG |                           | rst_IBUF         |                3 |              7 |
|  clk_IBUF_BUFG | CU/E[0]                   | rst_IBUF         |                8 |             32 |
|  clk_IBUF_BUFG | imem/pc_reg/q_reg[5]_0[0] | rst_IBUF         |               68 |            162 |
+----------------+---------------------------+------------------+------------------+----------------+


