INFO: [VRFC 10-2263] Analyzing SystemVerilog file "C:/Users/phatle/DotProductBitCount/DotProductBitCount.srcs/sources_1/new/AindexArray.v" into library xil_defaultlib
INFO: [VRFC 10-311] analyzing module AindexArray
INFO: [VRFC 10-2263] Analyzing SystemVerilog file "C:/Users/phatle/DotProductBitCount/DotProductBitCount.srcs/sources_1/new/AindexSelector.v" into library xil_defaultlib
INFO: [VRFC 10-311] analyzing module AindexSelector
INFO: [VRFC 10-2263] Analyzing SystemVerilog file "C:/Users/phatle/DotProductBitCount/DotProductBitCount.srcs/sources_1/new/DotProduct1bit.v" into library xil_defaultlib
INFO: [VRFC 10-311] analyzing module DotProduct1bit
INFO: [VRFC 10-2263] Analyzing SystemVerilog file "C:/Users/phatle/DotProductBitCount/DotProductBitCount.srcs/sources_1/imports/new/MUX4.v" into library xil_defaultlib
INFO: [VRFC 10-311] analyzing module MUX32
INFO: [VRFC 10-2263] Analyzing SystemVerilog file "C:/Users/phatle/DotProductBitCount/DotProductBitCount.srcs/sources_1/imports/sources_1/new/ShiftValueArray.v" into library xil_defaultlib
INFO: [VRFC 10-311] analyzing module ShiftValueArray
INFO: [VRFC 10-2263] Analyzing SystemVerilog file "C:/Users/phatle/DotProductBitCount/DotProductBitCount.srcs/sources_1/new/bitCounter.v" into library xil_defaultlib
INFO: [VRFC 10-311] analyzing module bitCounter
INFO: [VRFC 10-2263] Analyzing SystemVerilog file "C:/Users/phatle/DotProductBitCount/DotProductBitCount.srcs/sources_1/imports/new/combine.v" into library xil_defaultlib
INFO: [VRFC 10-311] analyzing module combine
INFO: [VRFC 10-2263] Analyzing SystemVerilog file "C:/Users/phatle/DotProductBitCount/DotProductBitCount.srcs/sources_1/imports/new/dot_product_top.v" into library xil_defaultlib
INFO: [VRFC 10-311] analyzing module dot_product_top
INFO: [VRFC 10-2263] Analyzing SystemVerilog file "C:/Users/phatle/DotProductBitCount/DotProductBitCount.srcs/sources_1/imports/datapath/dreg.v" into library xil_defaultlib
INFO: [VRFC 10-311] analyzing module dreg
INFO: [VRFC 10-2263] Analyzing SystemVerilog file "C:/Users/phatle/DotProductBitCount/DotProductBitCount.srcs/sources_1/new/inputBuffer.v" into library xil_defaultlib
INFO: [VRFC 10-311] analyzing module inputBuffer
INFO: [VRFC 10-2263] Analyzing SystemVerilog file "C:/Users/phatle/DotProductBitCount/DotProductBitCount.srcs/sources_1/new/shiftValue.v" into library xil_defaultlib
INFO: [VRFC 10-311] analyzing module shiftValue
INFO: [VRFC 10-2263] Analyzing SystemVerilog file "C:/Users/phatle/DotProductBitCount/DotProductBitCount.srcs/sources_1/imports/sources_1/imports/new/transposer.v" into library xil_defaultlib
INFO: [VRFC 10-311] analyzing module transposer
INFO: [VRFC 10-2263] Analyzing SystemVerilog file "C:/Users/phatle/DotProductBitCount/DotProductBitCount.srcs/sim_1/imports/new/dot_product_top_tb.v" into library xil_defaultlib
INFO: [VRFC 10-311] analyzing module dot_product_top_tb
